<?xml version="1.0" encoding="UTF-8"?>
<!-- Generated by org.testng.reporters.JUnitReportReporter -->
<testsuite name="dk.nicklasmillard.TestingAnnotations" tests="2" time="0.004" ignored="1" failures="0" timestamp="22 nov. 2017 12:07:21 GMT" skipped="0" hostname="DK005171" errors="0">
  <testcase name="testStep2" time="0.001" classname="dk.nicklasmillard.TestingAnnotations"/>
  <testcase name="testStep1" time="0.003" classname="dk.nicklasmillard.TestingAnnotations"/>
  <testcase name="testPrintMessage" classname="dk.nicklasmillard.IgnoreTest">
    <skipped/>
  </testcase> <!-- testPrintMessage -->
</testsuite> <!-- dk.nicklasmillard.TestingAnnotations -->
