<?xml version="1.0" encoding="UTF-8"?>
<!-- Generated by org.testng.reporters.JUnitReportReporter -->
<testsuite name="dk.nicklasmillard.TestEmployeeDetails" tests="2" time="0.000" ignored="1" failures="0" timestamp="22 nov. 2017 12:07:21 GMT" skipped="0" hostname="DK005171" errors="0">
  <testcase name="testCalculateYearlySalary" time="0.000" classname="dk.nicklasmillard.TestEmployeeDetails"/>
  <testcase name="testCalculateAppraisal" time="0.000" classname="dk.nicklasmillard.TestEmployeeDetails"/>
  <testcase name="testPrintMessage" classname="dk.nicklasmillard.IgnoreTest">
    <skipped/>
  </testcase> <!-- testPrintMessage -->
</testsuite> <!-- dk.nicklasmillard.TestEmployeeDetails -->
