<?xml version="1.0" encoding="UTF-8"?>
<!-- Generated by org.testng.reporters.JUnitReportReporter -->
<testsuite name="dk.nicklasmillard.TestDepedencyUsingAnnotations" tests="3" time="0.002" ignored="1" failures="0" timestamp="22 nov. 2017 12:07:21 GMT" skipped="0" hostname="DK005171" errors="0">
  <testcase name="testSalutationMessage" time="0.001" classname="dk.nicklasmillard.TestDepedencyUsingAnnotations"/>
  <testcase name="testPrintMessage" time="0.000" classname="dk.nicklasmillard.TestDepedencyUsingAnnotations"/>
  <testcase name="initEnvTest" time="0.001" classname="dk.nicklasmillard.TestDepedencyUsingAnnotations"/>
  <testcase name="testPrintMessage" classname="dk.nicklasmillard.IgnoreTest">
    <skipped/>
  </testcase> <!-- testPrintMessage -->
</testsuite> <!-- dk.nicklasmillard.TestDepedencyUsingAnnotations -->
