<?xml version="1.0" encoding="UTF-8"?>
<!-- Generated by org.testng.reporters.JUnitReportReporter -->
<testsuite name="dk.nicklasmillard.AppTest" tests="1" time="0.001" ignored="0" failures="0" timestamp="22 nov. 2017 12:07:21 GMT" skipped="0" hostname="DK005171" errors="0">
  <testcase name="testApp" time="0.001" classname="dk.nicklasmillard.AppTest"/>
</testsuite> <!-- dk.nicklasmillard.AppTest -->
